#! /usr/bin/vvp
:ivl_version "11.0 (stable)";
:ivl_delay_selection "TYPICAL";
:vpi_time_precision + 0;
:vpi_module "/usr/lib/x86_64-linux-gnu/ivl/system.vpi";
:vpi_module "/usr/lib/x86_64-linux-gnu/ivl/vhdl_sys.vpi";
:vpi_module "/usr/lib/x86_64-linux-gnu/ivl/vhdl_textio.vpi";
:vpi_module "/usr/lib/x86_64-linux-gnu/ivl/v2005_math.vpi";
:vpi_module "/usr/lib/x86_64-linux-gnu/ivl/va_math.vpi";
S_0x651eb04b2e30 .scope module, "i2s_tb" "i2s_tb" 2 1;
 .timescale 0 0;
v0x651eb04f47b0_0 .net "BCLK", 0 0, L_0x651eb04ada90;  1 drivers
v0x651eb04f4870_0 .net "DIN", 0 0, L_0x651eb04b2c90;  1 drivers
v0x651eb04f4980_0 .net "WS", 0 0, L_0x651eb04b9c80;  1 drivers
v0x651eb04f4a70_0 .var "clk", 0 0;
v0x651eb04f4b10_0 .net "data", 31 0, v0x651eb04f3880_0;  1 drivers
v0x651eb04f4c00_0 .net "done", 0 0, v0x651eb04f3960_0;  1 drivers
v0x651eb04f4ca0_0 .var "en", 0 0;
v0x651eb04f4d90_0 .var "rst_n", 0 0;
E_0x651eb04c06d0 .event posedge, v0x651eb04f3700_0;
E_0x651eb0487480 .event edge, v0x651eb04f3ae0_0;
S_0x651eb04d42c0 .scope module, "duv" "i2s" 2 12, 3 1 0, S_0x651eb04b2e30;
 .timescale 0 0;
    .port_info 0 /INPUT 1 "clk";
    .port_info 1 /INPUT 1 "rst_n";
    .port_info 2 /OUTPUT 1 "WS";
    .port_info 3 /OUTPUT 1 "BCLK";
    .port_info 4 /INPUT 1 "DIN";
    .port_info 5 /OUTPUT 1 "done";
    .port_info 6 /OUTPUT 32 "data";
    .port_info 7 /INPUT 1 "en";
    .port_info 8 /INPUT 1 "ack_data";
    .port_info 9 /INPUT 1 "ack_done";
P_0x651eb04d44a0 .param/l "size" 1 3 15, +C4<00000000000000000000000000100000>;
L_0x651eb04b9c80 .functor BUFZ 1, v0x651eb04f3300_0, C4<0>, C4<0>, C4<0>;
L_0x651eb04ada90 .functor BUFZ 1, v0x651eb04b41d0_0, C4<0>, C4<0>, C4<0>;
v0x651eb04b37a0_0 .net "BCLK", 0 0, L_0x651eb04ada90;  alias, 1 drivers
v0x651eb04b4100_0 .var "BCLK_cntr", 1 0;
v0x651eb04b41d0_0 .var "BCLK_d", 0 0;
v0x651eb04b51c0_0 .net "DIN", 0 0, L_0x651eb04b2c90;  alias, 1 drivers
v0x651eb04b5260_0 .net "WS", 0 0, L_0x651eb04b9c80;  alias, 1 drivers
v0x651eb04b5b90_0 .var "WS_cntr", 5 0;
v0x651eb04b5c30_0 .net "WS_cntr_zero", 0 0, L_0x651eb04f4e80;  1 drivers
v0x651eb04f3300_0 .var "WS_d", 0 0;
L_0x7e6bb83b7018 .functor BUFT 1, C4<000000>, C4<0>, C4<0>, C4<0>;
v0x651eb04f33c0_0 .net/2u *"_ivl_0", 5 0, L_0x7e6bb83b7018;  1 drivers
L_0x7e6bb83b7060 .functor BUFT 1, C4<10>, C4<0>, C4<0>, C4<0>;
v0x651eb04f34a0_0 .net/2u *"_ivl_4", 1 0, L_0x7e6bb83b7060;  1 drivers
o0x7e6bb866c1f8 .functor BUFZ 1, C4<z>; HiZ drive
v0x651eb04f3580_0 .net "ack_data", 0 0, o0x7e6bb866c1f8;  0 drivers
o0x7e6bb866c228 .functor BUFZ 1, C4<z>; HiZ drive
v0x651eb04f3640_0 .net "ack_done", 0 0, o0x7e6bb866c228;  0 drivers
v0x651eb04f3700_0 .net "clk", 0 0, v0x651eb04f4a70_0;  1 drivers
v0x651eb04f37c0_0 .net "cntr_two", 0 0, L_0x651eb04f4f70;  1 drivers
v0x651eb04f3880_0 .var "data", 31 0;
v0x651eb04f3960_0 .var "done", 0 0;
v0x651eb04f3a20_0 .net "en", 0 0, v0x651eb04f4ca0_0;  1 drivers
v0x651eb04f3ae0_0 .net "rst_n", 0 0, v0x651eb04f4d90_0;  1 drivers
v0x651eb04f3ba0_0 .var "shift_reg", 31 0;
E_0x651eb04c1990/0 .event negedge, v0x651eb04f3ae0_0;
E_0x651eb04c1990/1 .event posedge, v0x651eb04f3700_0;
E_0x651eb04c1990 .event/or E_0x651eb04c1990/0, E_0x651eb04c1990/1;
L_0x651eb04f4e80 .cmp/eq 6, v0x651eb04b5b90_0, L_0x7e6bb83b7018;
L_0x651eb04f4f70 .cmp/eq 2, v0x651eb04b4100_0, L_0x7e6bb83b7060;
S_0x651eb04f3e20 .scope module, "tb" "i2s_test" 2 23, 4 3 0, S_0x651eb04b2e30;
 .timescale 0 0;
    .port_info 0 /INPUT 1 "WS";
    .port_info 1 /INPUT 1 "BCLK";
    .port_info 2 /OUTPUT 1 "DIN";
    .port_info 3 /INPUT 1 "en";
    .port_info 4 /INPUT 1 "rst_n";
L_0x651eb04b2c90 .functor BUFZ 1, v0x651eb04f41d0_0, C4<0>, C4<0>, C4<0>;
v0x651eb04f4070_0 .net "BCLK", 0 0, L_0x651eb04ada90;  alias, 1 drivers
v0x651eb04f4130_0 .net "DIN", 0 0, L_0x651eb04b2c90;  alias, 1 drivers
v0x651eb04f41d0_0 .var "DIN_d", 0 0;
v0x651eb04f4270_0 .net "WS", 0 0, L_0x651eb04b9c80;  alias, 1 drivers
v0x651eb04f4340_0 .net "en", 0 0, v0x651eb04f4ca0_0;  alias, 1 drivers
v0x651eb04f4430_0 .var/i "i", 31 0;
v0x651eb04f44d0_0 .var/i "j", 31 0;
v0x651eb04f4570_0 .net "rst_n", 0 0, v0x651eb04f4d90_0;  alias, 1 drivers
v0x651eb04f4640 .array "test_array", 0 7, 31 0;
E_0x651eb04aa9b0 .event negedge, v0x651eb04f3ae0_0, v0x651eb04b37a0_0;
    .scope S_0x651eb04d42c0;
T_0 ;
    %wait E_0x651eb04c1990;
    %load/vec4 v0x651eb04f3ae0_0;
    %nor/r;
    %flag_set/vec4 8;
    %jmp/0xz  T_0.0, 8;
    %pushi/vec4 0, 0, 1;
    %assign/vec4 v0x651eb04f3300_0, 0;
    %jmp T_0.1;
T_0.0 ;
    %load/vec4 v0x651eb04f3a20_0;
    %flag_set/vec4 8;
    %jmp/0xz  T_0.2, 8;
    %load/vec4 v0x651eb04b5c30_0;
    %load/vec4 v0x651eb04f37c0_0;
    %and;
    %flag_set/vec4 8;
    %jmp/0xz  T_0.4, 8;
    %load/vec4 v0x651eb04f3300_0;
    %nor/r;
    %assign/vec4 v0x651eb04f3300_0, 0;
T_0.4 ;
T_0.2 ;
T_0.1 ;
    %jmp T_0;
    .thread T_0;
    .scope S_0x651eb04d42c0;
T_1 ;
    %wait E_0x651eb04c1990;
    %load/vec4 v0x651eb04f3ae0_0;
    %nor/r;
    %flag_set/vec4 8;
    %jmp/0xz  T_1.0, 8;
    %pushi/vec4 0, 0, 6;
    %assign/vec4 v0x651eb04b5b90_0, 0;
    %jmp T_1.1;
T_1.0 ;
    %load/vec4 v0x651eb04f3a20_0;
    %flag_set/vec4 8;
    %jmp/0xz  T_1.2, 8;
    %load/vec4 v0x651eb04f37c0_0;
    %flag_set/vec4 8;
    %jmp/0xz  T_1.4, 8;
    %load/vec4 v0x651eb04b5b90_0;
    %addi 1, 0, 6;
    %assign/vec4 v0x651eb04b5b90_0, 0;
T_1.4 ;
T_1.2 ;
T_1.1 ;
    %jmp T_1;
    .thread T_1;
    .scope S_0x651eb04d42c0;
T_2 ;
    %wait E_0x651eb04c1990;
    %load/vec4 v0x651eb04f3ae0_0;
    %nor/r;
    %flag_set/vec4 8;
    %jmp/0xz  T_2.0, 8;
    %pushi/vec4 0, 0, 1;
    %assign/vec4 v0x651eb04b41d0_0, 0;
    %jmp T_2.1;
T_2.0 ;
    %load/vec4 v0x651eb04f3a20_0;
    %flag_set/vec4 8;
    %jmp/0xz  T_2.2, 8;
    %load/vec4 v0x651eb04f37c0_0;
    %flag_set/vec4 8;
    %jmp/0xz  T_2.4, 8;
    %load/vec4 v0x651eb04b41d0_0;
    %inv;
    %assign/vec4 v0x651eb04b41d0_0, 0;
T_2.4 ;
T_2.2 ;
T_2.1 ;
    %jmp T_2;
    .thread T_2;
    .scope S_0x651eb04d42c0;
T_3 ;
    %wait E_0x651eb04c1990;
    %load/vec4 v0x651eb04f3ae0_0;
    %nor/r;
    %flag_set/vec4 8;
    %jmp/0xz  T_3.0, 8;
    %pushi/vec4 0, 0, 2;
    %assign/vec4 v0x651eb04b4100_0, 0;
    %jmp T_3.1;
T_3.0 ;
    %load/vec4 v0x651eb04f3a20_0;
    %flag_set/vec4 8;
    %jmp/0xz  T_3.2, 8;
    %load/vec4 v0x651eb04f37c0_0;
    %flag_set/vec4 8;
    %jmp/0xz  T_3.4, 8;
    %pushi/vec4 0, 0, 2;
    %assign/vec4 v0x651eb04b4100_0, 0;
    %jmp T_3.5;
T_3.4 ;
    %load/vec4 v0x651eb04b4100_0;
    %addi 1, 0, 2;
    %assign/vec4 v0x651eb04b4100_0, 0;
T_3.5 ;
T_3.2 ;
T_3.1 ;
    %jmp T_3;
    .thread T_3;
    .scope S_0x651eb04d42c0;
T_4 ;
    %wait E_0x651eb04c1990;
    %load/vec4 v0x651eb04f3ae0_0;
    %nor/r;
    %flag_set/vec4 8;
    %jmp/0xz  T_4.0, 8;
    %pushi/vec4 0, 0, 32;
    %assign/vec4 v0x651eb04f3ba0_0, 0;
    %jmp T_4.1;
T_4.0 ;
    %load/vec4 v0x651eb04f3a20_0;
    %flag_set/vec4 8;
    %jmp/0xz  T_4.2, 8;
    %load/vec4 v0x651eb04b5260_0;
    %nor/r;
    %load/vec4 v0x651eb04b4100_0;
    %pad/u 32;
    %pushi/vec4 0, 0, 32;
    %cmp/e;
    %flag_get/vec4 4;
    %and;
    %load/vec4 v0x651eb04b37a0_0;
    %nor/r;
    %and;
    %flag_set/vec4 8;
    %jmp/0xz  T_4.4, 8;
    %load/vec4 v0x651eb04f3ba0_0;
    %parti/s 31, 0, 2;
    %load/vec4 v0x651eb04b51c0_0;
    %concat/vec4; draw_concat_vec4
    %assign/vec4 v0x651eb04f3ba0_0, 0;
T_4.4 ;
T_4.2 ;
T_4.1 ;
    %jmp T_4;
    .thread T_4;
    .scope S_0x651eb04d42c0;
T_5 ;
    %wait E_0x651eb04c1990;
    %load/vec4 v0x651eb04f3ae0_0;
    %nor/r;
    %flag_set/vec4 8;
    %jmp/0xz  T_5.0, 8;
    %pushi/vec4 0, 0, 1;
    %assign/vec4 v0x651eb04f3960_0, 0;
    %jmp T_5.1;
T_5.0 ;
    %load/vec4 v0x651eb04f3a20_0;
    %flag_set/vec4 8;
    %jmp/0xz  T_5.2, 8;
    %load/vec4 v0x651eb04b5c30_0;
    %flag_set/vec4 8;
    %jmp/0xz  T_5.4, 8;
    %pushi/vec4 1, 0, 1;
    %assign/vec4 v0x651eb04f3960_0, 0;
    %jmp T_5.5;
T_5.4 ;
    %load/vec4 v0x651eb04f3640_0;
    %flag_set/vec4 8;
    %jmp/0xz  T_5.6, 8;
    %pushi/vec4 0, 0, 1;
    %assign/vec4 v0x651eb04f3960_0, 0;
T_5.6 ;
T_5.5 ;
T_5.2 ;
T_5.1 ;
    %jmp T_5;
    .thread T_5;
    .scope S_0x651eb04d42c0;
T_6 ;
    %wait E_0x651eb04c1990;
    %load/vec4 v0x651eb04f3ae0_0;
    %nor/r;
    %flag_set/vec4 8;
    %jmp/0xz  T_6.0, 8;
    %pushi/vec4 0, 0, 32;
    %assign/vec4 v0x651eb04f3880_0, 0;
    %jmp T_6.1;
T_6.0 ;
    %load/vec4 v0x651eb04f3a20_0;
    %flag_set/vec4 8;
    %jmp/0xz  T_6.2, 8;
    %load/vec4 v0x651eb04b5c30_0;
    %flag_set/vec4 8;
    %jmp/0xz  T_6.4, 8;
    %load/vec4 v0x651eb04f3ba0_0;
    %assign/vec4 v0x651eb04f3880_0, 0;
    %jmp T_6.5;
T_6.4 ;
    %load/vec4 v0x651eb04f3580_0;
    %flag_set/vec4 8;
    %jmp/0xz  T_6.6, 8;
    %load/vec4 v0x651eb04f3ba0_0;
    %assign/vec4 v0x651eb04f3880_0, 0;
T_6.6 ;
T_6.5 ;
T_6.2 ;
T_6.1 ;
    %jmp T_6;
    .thread T_6;
    .scope S_0x651eb04f3e20;
T_7 ;
    %pushi/vec4 0, 0, 32;
    %store/vec4 v0x651eb04f4430_0, 0, 32;
    %pushi/vec4 0, 0, 32;
    %store/vec4 v0x651eb04f44d0_0, 0, 32;
    %end;
    .thread T_7;
    .scope S_0x651eb04f3e20;
T_8 ;
    %vpi_call 4 13 "$readmemh", "test.hex", v0x651eb04f4640 {0 0 0};
    %end;
    .thread T_8;
    .scope S_0x651eb04f3e20;
T_9 ;
    %wait E_0x651eb04aa9b0;
    %load/vec4 v0x651eb04f4570_0;
    %nor/r;
    %flag_set/vec4 8;
    %jmp/0xz  T_9.0, 8;
    %pushi/vec4 0, 0, 1;
    %assign/vec4 v0x651eb04f41d0_0, 0;
    %pushi/vec4 0, 0, 32;
    %store/vec4 v0x651eb04f4430_0, 0, 32;
    %pushi/vec4 0, 0, 32;
    %store/vec4 v0x651eb04f44d0_0, 0, 32;
    %jmp T_9.1;
T_9.0 ;
    %load/vec4 v0x651eb04f4270_0;
    %nor/r;
    %load/vec4 v0x651eb04f4340_0;
    %and;
    %flag_set/vec4 8;
    %jmp/0xz  T_9.2, 8;
    %ix/getv/s 4, v0x651eb04f44d0_0;
    %load/vec4a v0x651eb04f4640, 4;
    %pushi/vec4 31, 0, 32;
    %load/vec4 v0x651eb04f4430_0;
    %sub;
    %part/s 1;
    %store/vec4 v0x651eb04f41d0_0, 0, 1;
    %vpi_call 4 31 "$display", "DIN_d: %b %h %d %d", v0x651eb04f4130_0, &A<v0x651eb04f4640, v0x651eb04f44d0_0 >, v0x651eb04f4430_0, v0x651eb04f44d0_0 {0 0 0};
T_9.2 ;
T_9.1 ;
    %load/vec4 v0x651eb04f4340_0;
    %load/vec4 v0x651eb04f4270_0;
    %nor/r;
    %and;
    %flag_set/vec4 8;
    %jmp/0xz  T_9.4, 8;
    %load/vec4 v0x651eb04f4430_0;
    %cmpi/e 31, 0, 32;
    %jmp/0xz  T_9.6, 4;
    %pushi/vec4 0, 0, 32;
    %store/vec4 v0x651eb04f4430_0, 0, 32;
    %load/vec4 v0x651eb04f44d0_0;
    %addi 1, 0, 32;
    %pushi/vec4 8, 0, 32;
    %mod/s;
    %store/vec4 v0x651eb04f44d0_0, 0, 32;
    %vpi_call 4 40 "$display", "j: %d", v0x651eb04f44d0_0 {0 0 0};
    %jmp T_9.7;
T_9.6 ;
    %load/vec4 v0x651eb04f4430_0;
    %addi 1, 0, 32;
    %store/vec4 v0x651eb04f4430_0, 0, 32;
T_9.7 ;
T_9.4 ;
    %jmp T_9;
    .thread T_9;
    .scope S_0x651eb04b2e30;
T_10 ;
    %pushi/vec4 0, 0, 1;
    %store/vec4 v0x651eb04f4a70_0, 0, 1;
    %pushi/vec4 0, 0, 1;
    %store/vec4 v0x651eb04f4d90_0, 0, 1;
    %end;
    .thread T_10;
    .scope S_0x651eb04b2e30;
T_11 ;
    %delay 10, 0;
    %load/vec4 v0x651eb04f4a70_0;
    %nor/r;
    %store/vec4 v0x651eb04f4a70_0, 0, 1;
    %jmp T_11;
    .thread T_11;
    .scope S_0x651eb04b2e30;
T_12 ;
    %delay 777, 0;
    %wait E_0x651eb04c06d0;
    %delay 1, 0;
    %pushi/vec4 1, 0, 1;
    %store/vec4 v0x651eb04f4d90_0, 0, 1;
    %end;
    .thread T_12;
    .scope S_0x651eb04b2e30;
T_13 ;
    %vpi_call 2 41 "$dumpfile", "i2s_tb.vcd" {0 0 0};
    %vpi_call 2 42 "$dumpvars" {0 0 0};
    %end;
    .thread T_13;
    .scope S_0x651eb04b2e30;
T_14 ;
    %pushi/vec4 0, 0, 1;
    %store/vec4 v0x651eb04f4ca0_0, 0, 1;
T_14.0 ;
    %load/vec4 v0x651eb04f4d90_0;
    %pushi/vec4 1, 0, 1;
    %cmp/e;
    %flag_get/vec4 4;
    %cmpi/ne 1, 0, 1;
    %jmp/0xz T_14.1, 6;
    %wait E_0x651eb0487480;
    %jmp T_14.0;
T_14.1 ;
    %wait E_0x651eb04c06d0;
    %pushi/vec4 1, 0, 1;
    %store/vec4 v0x651eb04f4ca0_0, 0, 1;
    %delay 100000, 0;
    %vpi_call 2 51 "$finish" {0 0 0};
    %end;
    .thread T_14;
# The file index is used to find the file name in the following table.
:file_names 5;
    "N/A";
    "<interactive>";
    "i2s_tb.v";
    "i2s.v";
    "i2s_test.v";
