#! /usr/bin/vvp
:ivl_version "11.0 (stable)";
:ivl_delay_selection "TYPICAL";
:vpi_time_precision + 0;
:vpi_module "/usr/lib/x86_64-linux-gnu/ivl/system.vpi";
:vpi_module "/usr/lib/x86_64-linux-gnu/ivl/vhdl_sys.vpi";
:vpi_module "/usr/lib/x86_64-linux-gnu/ivl/vhdl_textio.vpi";
:vpi_module "/usr/lib/x86_64-linux-gnu/ivl/v2005_math.vpi";
:vpi_module "/usr/lib/x86_64-linux-gnu/ivl/va_math.vpi";
S_0x5629a7150e40 .scope module, "i2s_tb" "i2s_tb" 2 1;
 .timescale 0 0;
v0x5629a71b19a0_0 .net "BCLK", 0 0, L_0x5629a7177060;  1 drivers
v0x5629a71b1a60_0 .var "DIN", 0 0;
v0x5629a71b1b00_0 .net "WS", 0 0, L_0x5629a717e270;  1 drivers
v0x5629a71b1ba0_0 .var "clk", 0 0;
v0x5629a71b1c70_0 .net "data", 31 0, L_0x5629a71b1ff0;  1 drivers
v0x5629a71b1d10_0 .net "done", 0 0, v0x5629a71b14e0_0;  1 drivers
v0x5629a71b1db0_0 .var "en", 0 0;
v0x5629a71b1e80_0 .var "rst_n", 0 0;
E_0x5629a718e340/0 .event edge, v0x5629a717bd90_0;
E_0x5629a718e340/1 .event posedge, v0x5629a71b1340_0;
E_0x5629a718e340 .event/or E_0x5629a718e340/0, E_0x5629a718e340/1;
E_0x5629a7190880 .event posedge, v0x5629a71b1340_0;
E_0x5629a71749b0 .event edge, v0x5629a71b1660_0;
L_0x5629a71b1ff0 .part v0x5629a71b1400_0, 0, 32;
S_0x5629a7150fd0 .scope module, "duv" "i2s" 2 12, 3 1 0, S_0x5629a7150e40;
 .timescale 0 0;
    .port_info 0 /INPUT 1 "clk";
    .port_info 1 /INPUT 1 "rst_n";
    .port_info 2 /OUTPUT 1 "WS";
    .port_info 3 /OUTPUT 1 "BCLK";
    .port_info 4 /INPUT 1 "DIN";
    .port_info 5 /OUTPUT 1 "done";
    .port_info 6 /OUTPUT 64 "data";
    .port_info 7 /INPUT 1 "en";
    .port_info 8 /INPUT 1 "ack_data";
    .port_info 9 /INPUT 1 "ack_done";
P_0x5629a718a6d0 .param/l "size" 1 3 15, +C4<00000000000000000000000000100000>;
L_0x5629a717e270 .functor BUFZ 1, v0x5629a717be30_0, C4<0>, C4<0>, C4<0>;
L_0x5629a7177060 .functor BUFZ 1, v0x5629a717aac0_0, C4<0>, C4<0>, C4<0>;
v0x5629a717a250_0 .net "BCLK", 0 0, L_0x5629a7177060;  alias, 1 drivers
v0x5629a717aac0_0 .var "BCLK_d", 0 0;
v0x5629a717ab90_0 .net "DIN", 0 0, v0x5629a71b1a60_0;  1 drivers
v0x5629a717bd90_0 .net "WS", 0 0, L_0x5629a717e270;  alias, 1 drivers
v0x5629a717be30_0 .var "WS_d", 0 0;
o0x740fb2676108 .functor BUFZ 1, C4<z>; HiZ drive
v0x5629a717c7f0_0 .net "ack_data", 0 0, o0x740fb2676108;  0 drivers
o0x740fb2676138 .functor BUFZ 1, C4<z>; HiZ drive
v0x5629a717c890_0 .net "ack_done", 0 0, o0x740fb2676138;  0 drivers
v0x5629a71b1260_0 .var "bit_count", 5 0;
v0x5629a71b1340_0 .net "clk", 0 0, v0x5629a71b1ba0_0;  1 drivers
v0x5629a71b1400_0 .var "data", 63 0;
v0x5629a71b14e0_0 .var "done", 0 0;
v0x5629a71b15a0_0 .net "en", 0 0, v0x5629a71b1db0_0;  1 drivers
v0x5629a71b1660_0 .net "rst_n", 0 0, v0x5629a71b1e80_0;  1 drivers
v0x5629a71b1720_0 .var "shift_reg", 63 0;
E_0x5629a717f1c0/0 .event negedge, v0x5629a71b1660_0;
E_0x5629a717f1c0/1 .event posedge, v0x5629a71b1340_0;
E_0x5629a717f1c0 .event/or E_0x5629a717f1c0/0, E_0x5629a717f1c0/1;
    .scope S_0x5629a7150fd0;
T_0 ;
    %wait E_0x5629a717f1c0;
    %load/vec4 v0x5629a71b1660_0;
    %nor/r;
    %flag_set/vec4 8;
    %jmp/0xz  T_0.0, 8;
    %pushi/vec4 0, 0, 1;
    %assign/vec4 v0x5629a717be30_0, 0;
    %jmp T_0.1;
T_0.0 ;
    %load/vec4 v0x5629a71b15a0_0;
    %flag_set/vec4 8;
    %jmp/0xz  T_0.2, 8;
    %load/vec4 v0x5629a71b1260_0;
    %pad/u 32;
    %cmpi/u 32, 0, 32;
    %flag_inv 5; GE is !LT
    %jmp/0xz  T_0.4, 5;
    %pushi/vec4 1, 0, 1;
    %assign/vec4 v0x5629a717be30_0, 0;
    %jmp T_0.5;
T_0.4 ;
    %pushi/vec4 0, 0, 1;
    %assign/vec4 v0x5629a717be30_0, 0;
T_0.5 ;
T_0.2 ;
T_0.1 ;
    %jmp T_0;
    .thread T_0;
    .scope S_0x5629a7150fd0;
T_1 ;
    %wait E_0x5629a717f1c0;
    %load/vec4 v0x5629a71b1660_0;
    %nor/r;
    %flag_set/vec4 8;
    %jmp/0xz  T_1.0, 8;
    %pushi/vec4 0, 0, 1;
    %assign/vec4 v0x5629a717aac0_0, 0;
    %jmp T_1.1;
T_1.0 ;
    %load/vec4 v0x5629a71b15a0_0;
    %flag_set/vec4 8;
    %jmp/0xz  T_1.2, 8;
    %load/vec4 v0x5629a717aac0_0;
    %nor/r;
    %assign/vec4 v0x5629a717aac0_0, 0;
T_1.2 ;
T_1.1 ;
    %jmp T_1;
    .thread T_1;
    .scope S_0x5629a7150fd0;
T_2 ;
    %wait E_0x5629a717f1c0;
    %load/vec4 v0x5629a71b1660_0;
    %nor/r;
    %flag_set/vec4 8;
    %jmp/0xz  T_2.0, 8;
    %pushi/vec4 0, 0, 6;
    %assign/vec4 v0x5629a71b1260_0, 0;
    %jmp T_2.1;
T_2.0 ;
    %load/vec4 v0x5629a71b15a0_0;
    %flag_set/vec4 8;
    %jmp/0xz  T_2.2, 8;
    %load/vec4 v0x5629a717aac0_0;
    %flag_set/vec4 8;
    %jmp/0xz  T_2.4, 8;
    %load/vec4 v0x5629a71b1260_0;
    %addi 1, 0, 6;
    %assign/vec4 v0x5629a71b1260_0, 0;
T_2.4 ;
T_2.2 ;
T_2.1 ;
    %jmp T_2;
    .thread T_2;
    .scope S_0x5629a7150fd0;
T_3 ;
    %wait E_0x5629a717f1c0;
    %load/vec4 v0x5629a71b1660_0;
    %nor/r;
    %flag_set/vec4 8;
    %jmp/0xz  T_3.0, 8;
    %pushi/vec4 0, 0, 64;
    %assign/vec4 v0x5629a71b1720_0, 0;
    %jmp T_3.1;
T_3.0 ;
    %load/vec4 v0x5629a71b15a0_0;
    %load/vec4 v0x5629a717aac0_0;
    %and;
    %flag_set/vec4 8;
    %jmp/0xz  T_3.2, 8;
    %load/vec4 v0x5629a71b1260_0;
    %pad/u 32;
    %cmpi/u 63, 0, 32;
    %jmp/0xz  T_3.4, 5;
    %load/vec4 v0x5629a71b1720_0;
    %parti/s 63, 0, 2;
    %load/vec4 v0x5629a717ab90_0;
    %concat/vec4; draw_concat_vec4
    %assign/vec4 v0x5629a71b1720_0, 0;
    %jmp T_3.5;
T_3.4 ;
    %pushi/vec4 0, 0, 64;
    %assign/vec4 v0x5629a71b1720_0, 0;
T_3.5 ;
T_3.2 ;
T_3.1 ;
    %jmp T_3;
    .thread T_3;
    .scope S_0x5629a7150fd0;
T_4 ;
    %wait E_0x5629a717f1c0;
    %load/vec4 v0x5629a71b1660_0;
    %nor/r;
    %flag_set/vec4 8;
    %jmp/0xz  T_4.0, 8;
    %pushi/vec4 0, 0, 1;
    %assign/vec4 v0x5629a71b14e0_0, 0;
    %jmp T_4.1;
T_4.0 ;
    %load/vec4 v0x5629a71b15a0_0;
    %flag_set/vec4 8;
    %jmp/0xz  T_4.2, 8;
    %load/vec4 v0x5629a71b1260_0;
    %pad/u 32;
    %cmpi/e 63, 0, 32;
    %jmp/0xz  T_4.4, 4;
    %pushi/vec4 1, 0, 1;
    %assign/vec4 v0x5629a71b14e0_0, 0;
    %jmp T_4.5;
T_4.4 ;
    %load/vec4 v0x5629a717c890_0;
    %flag_set/vec4 8;
    %jmp/0xz  T_4.6, 8;
    %pushi/vec4 0, 0, 1;
    %assign/vec4 v0x5629a71b14e0_0, 0;
T_4.6 ;
T_4.5 ;
T_4.2 ;
T_4.1 ;
    %jmp T_4;
    .thread T_4;
    .scope S_0x5629a7150fd0;
T_5 ;
    %wait E_0x5629a717f1c0;
    %load/vec4 v0x5629a71b1660_0;
    %nor/r;
    %flag_set/vec4 8;
    %jmp/0xz  T_5.0, 8;
    %pushi/vec4 0, 0, 64;
    %assign/vec4 v0x5629a71b1400_0, 0;
    %jmp T_5.1;
T_5.0 ;
    %load/vec4 v0x5629a71b15a0_0;
    %flag_set/vec4 8;
    %jmp/0xz  T_5.2, 8;
    %load/vec4 v0x5629a71b1260_0;
    %pad/u 32;
    %cmpi/e 63, 0, 32;
    %jmp/0xz  T_5.4, 4;
    %load/vec4 v0x5629a71b1720_0;
    %assign/vec4 v0x5629a71b1400_0, 0;
    %jmp T_5.5;
T_5.4 ;
    %load/vec4 v0x5629a717c7f0_0;
    %flag_set/vec4 8;
    %jmp/0xz  T_5.6, 8;
    %load/vec4 v0x5629a71b1720_0;
    %assign/vec4 v0x5629a71b1400_0, 0;
T_5.6 ;
T_5.5 ;
T_5.2 ;
T_5.1 ;
    %jmp T_5;
    .thread T_5;
    .scope S_0x5629a7150e40;
T_6 ;
    %pushi/vec4 0, 0, 1;
    %store/vec4 v0x5629a71b1ba0_0, 0, 1;
    %pushi/vec4 0, 0, 1;
    %store/vec4 v0x5629a71b1e80_0, 0, 1;
    %end;
    .thread T_6;
    .scope S_0x5629a7150e40;
T_7 ;
    %delay 10, 0;
    %load/vec4 v0x5629a71b1ba0_0;
    %nor/r;
    %store/vec4 v0x5629a71b1ba0_0, 0, 1;
    %jmp T_7;
    .thread T_7;
    .scope S_0x5629a7150e40;
T_8 ;
    %delay 777, 0;
    %wait E_0x5629a7190880;
    %delay 1, 0;
    %pushi/vec4 1, 0, 1;
    %store/vec4 v0x5629a71b1e80_0, 0, 1;
    %end;
    .thread T_8;
    .scope S_0x5629a7150e40;
T_9 ;
    %vpi_call 2 33 "$dumpfile", "i2s_tb.vcd" {0 0 0};
    %vpi_call 2 34 "$dumpvars" {0 0 0};
    %end;
    .thread T_9;
    .scope S_0x5629a7150e40;
T_10 ;
    %pushi/vec4 0, 0, 1;
    %store/vec4 v0x5629a71b1db0_0, 0, 1;
    %pushi/vec4 0, 0, 1;
    %store/vec4 v0x5629a71b1a60_0, 0, 1;
T_10.0 ;
    %load/vec4 v0x5629a71b1e80_0;
    %pushi/vec4 1, 0, 1;
    %cmp/e;
    %flag_get/vec4 4;
    %cmpi/ne 1, 0, 1;
    %jmp/0xz T_10.1, 6;
    %wait E_0x5629a71749b0;
    %jmp T_10.0;
T_10.1 ;
    %wait E_0x5629a7190880;
    %pushi/vec4 1, 0, 1;
    %store/vec4 v0x5629a71b1db0_0, 0, 1;
    %delay 10000, 0;
    %vpi_call 2 44 "$finish" {0 0 0};
    %end;
    .thread T_10;
    .scope S_0x5629a7150e40;
T_11 ;
    %wait E_0x5629a718e340;
    %load/vec4 v0x5629a71b1b00_0;
    %flag_set/vec4 8;
    %jmp/0xz  T_11.0, 8;
    %pushi/vec4 1, 0, 1;
    %store/vec4 v0x5629a71b1a60_0, 0, 1;
T_11.0 ;
    %jmp T_11;
    .thread T_11;
# The file index is used to find the file name in the following table.
:file_names 4;
    "N/A";
    "<interactive>";
    "i2s_tb.v";
    "i2s.v";
